<?xml version="1.0" encoding="UTF-8"?>
<!-- Generated by org.testng.reporters.JUnitReportReporter -->
<testsuite hostname="DESKTOP-DO1EJDT" failures="0" tests="1" name="pack1.VerifyInstagramPage" time="0.000" errors="0" timestamp="2022-09-27T18:16:18 IST" skipped="1">
  <testcase classname="pack1.VerifyInstagramPage" name="verifyLink" time="0.000">
    <skipped/>
  </testcase> <!-- verifyLink -->
  <system-out/>
</testsuite> <!-- pack1.VerifyInstagramPage -->
