<?xml version="1.0" encoding="UTF-8"?>
<!-- Generated by org.testng.reporters.JUnitReportReporter -->
<testsuite hostname="DESKTOP-DO1EJDT" failures="0" tests="1" name="project.TestNgClass" time="0.021" errors="0" timestamp="2022-09-09T21:22:17 IST" skipped="0">
  <testcase classname="project.TestNgClass" name="test" time="0.021"/>
  <system-out/>
</testsuite> <!-- project.TestNgClass -->
